<?xml version="1.0" encoding="UTF-8"?>
<testsuite xmlns:xsi="http://www.w3.org/2001/XMLSchema-instance" xsi:noNamespaceSchemaLocation="https://maven.apache.org/surefire/maven-surefire-plugin/xsd/surefire-test-report-3.0.xsd" version="3.0" name="com.jfbarrios.ParserTest" time="0.035" tests="6" errors="0" skipped="0" failures="0">
  <properties>
[...]
</properties>
  <testcase name="testInputExam" classname="com.jfbarrios.ParserTest" time="0.017">
    <system-out><![CDATA[
Parseando objeto... 
Clave "squadName" : "Super hero squad" (cadena)
Clave "homeTown" : "Metro City" (cadena)
Clave "formed" : 2016 (numero entero)
Clave "secretBase" : "Super tower" (cadena)
Clave "active" : true (booleano)
Clave "members" : 
Parseando array... 

Parseando objeto... 
Clave "name" : "Molecule Man" (cadena)
Clave "age" : 29 (numero entero)
Clave "secretIdentity" : "Dan Jukes" (cadena)
Clave "powers" : 
Parseando array... 
"Radiation resistance" (cadena)
"Turning tiny" (cadena)
"Radiation blast" (cadena)
Array parseado.
Objeto parseado.

Parseando objeto... 
Clave "name" : "Madame Uppercut" (cadena)
Clave "age" : 39 (numero entero)
Clave "secretIdentity" : "Jane Wilson" (cadena)
Clave "powers" : 
Parseando array... 
"Million tonne punch" (cadena)
"Damage resistance" (cadena)
"Superhuman reflexes" (cadena)
Array parseado.
Objeto parseado.

Parseando objeto... 
Clave "name" : "Eternal Flame" (cadena)
Clave "age" : 1000000 (numero entero)
Clave "secretIdentity" : "Unknown" (cadena)
Clave "powers" : 
Parseando array... 
"Immortality" (cadena)
"Heat Immunity" (cadena)
"Inferno" (cadena)
"Teleportation" (cadena)
"Interdimensional travel" (cadena)
Array parseado.
Objeto parseado.
Array parseado.
Objeto parseado.

Es valido el JSON.
]]></system-out>
  </testcase>
  <testcase name="testEmptyArray" classname="com.jfbarrios.ParserTest" time="0.002">
    <system-out><![CDATA[
Parseando array... 
Array vacio parseado.

Es valido el JSON.
]]></system-out>
  </testcase>
  <testcase name="testValidJSON" classname="com.jfbarrios.ParserTest" time="0.003">
    <system-out><![CDATA[
Parseando objeto... 
Clave "nombres" : "Juan Fernando" (cadena)
Clave "apellidos" : "Barrios Barrera" (cadena)
Clave "carnet" : "202102655" (cadena)
Clave "edad" : 32 (numero entero)
Clave "esViudo" : false (booleano)
Clave "comidasPreferidas" : 
Parseando array... 
"pizza" (cadena)
"pasta" (cadena)
"ramen" (cadena)
Array parseado.
Clave "direccion" : 
Parseando objeto... 
Clave "calle" : "Calle 1" (cadena)
Clave "colonia" : "Colonia 1" (cadena)
Clave "ciudad" : "Ciudad 1" (cadena)
Clave "pais" : "Pais 1" (cadena)
Objeto parseado.
Clave "punteoQueDeseaEnTarea" : 100.0 (numero real)
Objeto parseado.

Es valido el JSON.
]]></system-out>
  </testcase>
  <testcase name="testEmptyObject" classname="com.jfbarrios.ParserTest" time="0.001">
    <system-out><![CDATA[
Parseando objeto... 
Objeto vacio parseado.

Es valido el JSON.
]]></system-out>
  </testcase>
  <testcase name="testNonValidJSONKeys" classname="com.jfbarrios.ParserTest" time="0.002"/>
  <testcase name="testNonValidJSONStructure" classname="com.jfbarrios.ParserTest" time="0.003">
    <system-out><![CDATA[instead expected token classes are []
]]></system-out>
    <system-err><![CDATA[Syntax error at character 0 of input
Couldn't repair and continue parse at character 0 of input
]]></system-err>
  </testcase>
</testsuite>